{"C:\\Users\\User\\Desktop\\eng2-trab2\\eng2-test\\src\\jogos.js": {"path":"C:\\Users\\User\\Desktop\\eng2-trab2\\eng2-test\\src\\jogos.js","statementMap":{"0":{"start":{"line":1,"column":29},"end":{"line":1,"column":47}},"1":{"start":{"line":2,"column":15},"end":{"line":2,"column":24}},"2":{"start":{"line":3,"column":0},"end":{"line":3,"column":27}},"3":{"start":{"line":6,"column":13},"end":{"line":11,"column":2}},"4":{"start":{"line":15,"column":0},"end":{"line":17,"column":2}},"5":{"start":{"line":16,"column":4},"end":{"line":16,"column":31}},"6":{"start":{"line":21,"column":0},"end":{"line":39,"column":2}},"7":{"start":{"line":22,"column":38},"end":{"line":22,"column":46}},"8":{"start":{"line":23,"column":4},"end":{"line":26,"column":5}},"9":{"start":{"line":24,"column":8},"end":{"line":24,"column":74}},"10":{"start":{"line":25,"column":8},"end":{"line":25,"column":15}},"11":{"start":{"line":28,"column":4},"end":{"line":38,"column":5}},"12":{"start":{"line":29,"column":8},"end":{"line":34,"column":10}},"13":{"start":{"line":35,"column":8},"end":{"line":35,"column":55}},"14":{"start":{"line":37,"column":8},"end":{"line":37,"column":52}},"15":{"start":{"line":42,"column":0},"end":{"line":53,"column":2}},"16":{"start":{"line":43,"column":15},"end":{"line":43,"column":28}},"17":{"start":{"line":45,"column":4},"end":{"line":51,"column":5}},"18":{"start":{"line":45,"column":16},"end":{"line":45,"column":17}},"19":{"start":{"line":46,"column":8},"end":{"line":50,"column":9}},"20":{"start":{"line":47,"column":12},"end":{"line":47,"column":31}},"21":{"start":{"line":48,"column":12},"end":{"line":48,"column":69}},"22":{"start":{"line":49,"column":12},"end":{"line":49,"column":19}},"23":{"start":{"line":52,"column":4},"end":{"line":52,"column":55}},"24":{"start":{"line":56,"column":0},"end":{"line":67,"column":2}},"25":{"start":{"line":57,"column":15},"end":{"line":57,"column":28}},"26":{"start":{"line":58,"column":23},"end":{"line":58,"column":42}},"27":{"start":{"line":59,"column":21},"end":{"line":59,"column":53}},"28":{"start":{"line":59,"column":40},"end":{"line":59,"column":52}},"29":{"start":{"line":61,"column":4},"end":{"line":66,"column":5}},"30":{"start":{"line":62,"column":8},"end":{"line":62,"column":41}},"31":{"start":{"line":63,"column":8},"end":{"line":63,"column":72}},"32":{"start":{"line":65,"column":8},"end":{"line":65,"column":66}},"33":{"start":{"line":69,"column":0},"end":{"line":69,"column":24}}},"fnMap":{"0":{"name":"(anonymous_0)","decl":{"start":{"line":15,"column":21},"end":{"line":15,"column":22}},"loc":{"start":{"line":15,"column":35},"end":{"line":17,"column":1}},"line":15},"1":{"name":"(anonymous_1)","decl":{"start":{"line":21,"column":22},"end":{"line":21,"column":23}},"loc":{"start":{"line":21,"column":36},"end":{"line":39,"column":1}},"line":21},"2":{"name":"(anonymous_2)","decl":{"start":{"line":42,"column":28},"end":{"line":42,"column":29}},"loc":{"start":{"line":42,"column":42},"end":{"line":53,"column":1}},"line":42},"3":{"name":"(anonymous_3)","decl":{"start":{"line":56,"column":25},"end":{"line":56,"column":26}},"loc":{"start":{"line":56,"column":39},"end":{"line":67,"column":1}},"line":56},"4":{"name":"(anonymous_4)","decl":{"start":{"line":59,"column":31},"end":{"line":59,"column":32}},"loc":{"start":{"line":59,"column":40},"end":{"line":59,"column":52}},"line":59}},"branchMap":{"0":{"loc":{"start":{"line":23,"column":4},"end":{"line":26,"column":5}},"type":"if","locations":[{"start":{"line":23,"column":4},"end":{"line":26,"column":5}},{"start":{"line":23,"column":4},"end":{"line":26,"column":5}}],"line":23},"1":{"loc":{"start":{"line":23,"column":7},"end":{"line":23,"column":37}},"type":"binary-expr","locations":[{"start":{"line":23,"column":7},"end":{"line":23,"column":12}},{"start":{"line":23,"column":16},"end":{"line":23,"column":27}},{"start":{"line":23,"column":31},"end":{"line":23,"column":37}}],"line":23},"2":{"loc":{"start":{"line":46,"column":8},"end":{"line":50,"column":9}},"type":"if","locations":[{"start":{"line":46,"column":8},"end":{"line":50,"column":9}},{"start":{"line":46,"column":8},"end":{"line":50,"column":9}}],"line":46},"3":{"loc":{"start":{"line":61,"column":4},"end":{"line":66,"column":5}},"type":"if","locations":[{"start":{"line":61,"column":4},"end":{"line":66,"column":5}},{"start":{"line":61,"column":4},"end":{"line":66,"column":5}}],"line":61}},"s":{"0":1,"1":1,"2":1,"3":1,"4":1,"5":1,"6":1,"7":2,"8":2,"9":1,"10":1,"11":1,"12":1,"13":1,"14":0,"15":1,"16":2,"17":2,"18":2,"19":3,"20":1,"21":1,"22":1,"23":1,"24":1,"25":2,"26":2,"27":2,"28":3,"29":2,"30":1,"31":1,"32":1,"33":1},"f":{"0":1,"1":2,"2":2,"3":2,"4":3},"b":{"0":[1,1],"1":[2,2,2],"2":[1,2],"3":[1,1]},"inputSourceMap":null,"_coverageSchema":"1a1c01bbd47fc00a2c39e90264f33305004495a9","hash":"cff9f3c4f47f34adc6c1aa94d8b114993f0ad0f0"}
}
