TN:
SF:src\jogos.js
FN:15,(anonymous_0)
FN:21,(anonymous_1)
FN:42,(anonymous_2)
FN:56,(anonymous_3)
FN:59,(anonymous_4)
FNF:5
FNH:5
FNDA:1,(anonymous_0)
FNDA:2,(anonymous_1)
FNDA:2,(anonymous_2)
FNDA:2,(anonymous_3)
FNDA:3,(anonymous_4)
DA:1,1
DA:2,1
DA:3,1
DA:6,1
DA:15,1
DA:16,1
DA:21,1
DA:22,2
DA:23,2
DA:24,1
DA:25,1
DA:28,1
DA:29,1
DA:35,1
DA:37,0
DA:42,1
DA:43,2
DA:45,2
DA:46,3
DA:47,1
DA:48,1
DA:49,1
DA:52,1
DA:56,1
DA:57,2
DA:58,2
DA:59,3
DA:61,2
DA:62,1
DA:63,1
DA:65,1
DA:69,1
LF:32
LH:31
BRDA:23,0,0,1
BRDA:23,0,1,1
BRDA:23,1,0,2
BRDA:23,1,1,2
BRDA:23,1,2,2
BRDA:46,2,0,1
BRDA:46,2,1,2
BRDA:61,3,0,1
BRDA:61,3,1,1
BRF:9
BRH:9
end_of_record
